info: Microsoft.Hosting.Lifetime[14]
      Now listening on: https://0.0.0.0:62263
info: Microsoft.Hosting.Lifetime[0]
      Application started. Press Ctrl+C to shut down.
info: Microsoft.Hosting.Lifetime[0]
      Hosting environment: Production
info: Microsoft.Hosting.Lifetime[0]
      Content root path: C:\work\prtask.com\serve
SERVING_ON: https://0.0.0.0:62263
info: Microsoft.AspNetCore.Hosting.Diagnostics[1]
      Request starting HTTP/1.1 GET https://localhost:62263/index.html - - -
info: Microsoft.AspNetCore.StaticFiles.StaticFileMiddleware[2]
      Sending file. Request path: '/index.html'. Physical path: 'C:\work\prtask.com\serve\wwwroot\index.html'
info: Microsoft.AspNetCore.Hosting.Diagnostics[2]
      Request finished HTTP/1.1 GET https://localhost:62263/index.html - 200 254 text/html 101.3400ms
info: Microsoft.AspNetCore.Hosting.Diagnostics[1]
      Request starting HTTP/2 GET https://localhost:62263/ - - -
info: Microsoft.AspNetCore.Routing.EndpointMiddleware[0]
      Executing endpoint 'Fallback {*path:nonfile}'
info: Microsoft.AspNetCore.StaticFiles.StaticFileMiddleware[2]
      Sending file. Request path: '/index.html'. Physical path: 'C:\work\prtask.com\serve\wwwroot\index.html'
info: Microsoft.AspNetCore.Routing.EndpointMiddleware[1]
      Executed endpoint 'Fallback {*path:nonfile}'
info: Microsoft.AspNetCore.Hosting.Diagnostics[2]
      Request finished HTTP/2 GET https://localhost:62263/index.html - 200 254 text/html 58.8075ms
info: Microsoft.AspNetCore.Hosting.Diagnostics[1]
      Request starting HTTP/2 GET https://localhost:62263/favicon.ico - - -
info: Microsoft.AspNetCore.Hosting.Diagnostics[1]
      Request starting HTTP/2 GET https://localhost:62263/en/index.dw1fy7wgsn.html - - -
info: Microsoft.AspNetCore.StaticFiles.StaticFileMiddleware[2]
      Sending file. Request path: '/favicon.ico'. Physical path: 'C:\work\prtask.com\serve\wwwroot\favicon.ico'
info: Microsoft.AspNetCore.Hosting.Diagnostics[2]
      Request finished HTTP/2 GET https://localhost:62263/favicon.ico - 200 1382 image/x-icon 4.8975ms
info: Microsoft.AspNetCore.StaticFiles.StaticFileMiddleware[2]
      Sending file. Request path: '/en/index.dw1fy7wgsn.html'. Physical path: 'C:\work\prtask.com\serve\wwwroot\en\index.dw1fy7wgsn.html'
info: Microsoft.AspNetCore.Hosting.Diagnostics[2]
      Request finished HTTP/2 GET https://localhost:62263/en/index.dw1fy7wgsn.html - 200 10467 text/html 15.4188ms
info: Microsoft.AspNetCore.Hosting.Diagnostics[1]
      Request starting HTTP/2 GET https://localhost:62263/_content/PrTask.SharedUI/css/app.css - - -
info: Microsoft.AspNetCore.StaticFiles.StaticFileMiddleware[2]
      Sending file. Request path: '/_content/PrTask.SharedUI/css/app.css'. Physical path: 'C:\work\prtask.com\serve\wwwroot\_content\PrTask.SharedUI\css\app.css'
info: Microsoft.AspNetCore.Hosting.Diagnostics[2]
      Request finished HTTP/2 GET https://localhost:62263/_content/PrTask.SharedUI/css/app.css - 200 43369 text/css 8.7734ms
info: Microsoft.AspNetCore.Hosting.Diagnostics[1]
      Request starting HTTP/2 GET https://localhost:62263/en/index.html - - -
info: Microsoft.AspNetCore.StaticFiles.StaticFileMiddleware[2]
      Sending file. Request path: '/en/index.html'. Physical path: 'C:\work\prtask.com\serve\wwwroot\en\index.html'
info: Microsoft.AspNetCore.Hosting.Diagnostics[2]
      Request finished HTTP/2 GET https://localhost:62263/en/index.html - 200 260 text/html 1.3340ms
info: Microsoft.AspNetCore.Hosting.Diagnostics[1]
      Request starting HTTP/2 GET https://localhost:62263/About.html - - -
info: Microsoft.AspNetCore.StaticFiles.StaticFileMiddleware[2]
      Sending file. Request path: '/About.html'. Physical path: 'C:\work\prtask.com\serve\wwwroot\About.html'
info: Microsoft.AspNetCore.Hosting.Diagnostics[2]
      Request finished HTTP/2 GET https://localhost:62263/About.html - 200 248 text/html 1.6127ms
info: Microsoft.AspNetCore.Hosting.Diagnostics[1]
      Request starting HTTP/2 GET https://localhost:62263/Dashboard.html - - -
info: Microsoft.AspNetCore.StaticFiles.StaticFileMiddleware[2]
      Sending file. Request path: '/Dashboard.html'. Physical path: 'C:\work\prtask.com\serve\wwwroot\Dashboard.html'
info: Microsoft.AspNetCore.Hosting.Diagnostics[2]
      Request finished HTTP/2 GET https://localhost:62263/Dashboard.html - 200 256 text/html 1.2423ms
info: Microsoft.AspNetCore.Hosting.Diagnostics[1]
      Request starting HTTP/2 GET https://localhost:62263/Login.html - - -
info: Microsoft.AspNetCore.StaticFiles.StaticFileMiddleware[2]
      Sending file. Request path: '/Login.html'. Physical path: 'C:\work\prtask.com\serve\wwwroot\Login.html'
info: Microsoft.AspNetCore.Hosting.Diagnostics[2]
      Request finished HTTP/2 GET https://localhost:62263/Login.html - 200 248 text/html 0.9559ms
info: Microsoft.AspNetCore.Hosting.Diagnostics[1]
      Request starting HTTP/2 GET https://localhost:62263/Pricing.html - - -
info: Microsoft.AspNetCore.StaticFiles.StaticFileMiddleware[2]
      Sending file. Request path: '/Pricing.html'. Physical path: 'C:\work\prtask.com\serve\wwwroot\Pricing.html'
info: Microsoft.AspNetCore.Hosting.Diagnostics[2]
      Request finished HTTP/2 GET https://localhost:62263/Pricing.html - 200 252 text/html 1.1514ms
info: Microsoft.AspNetCore.Hosting.Diagnostics[1]
      Request starting HTTP/2 GET https://localhost:62263/Settings.html - - -
info: Microsoft.AspNetCore.StaticFiles.StaticFileMiddleware[2]
      Sending file. Request path: '/Settings.html'. Physical path: 'C:\work\prtask.com\serve\wwwroot\Settings.html'
info: Microsoft.AspNetCore.Hosting.Diagnostics[2]
      Request finished HTTP/2 GET https://localhost:62263/Settings.html - 200 254 text/html 0.8943ms
info: Microsoft.AspNetCore.Hosting.Diagnostics[1]
      Request starting HTTP/2 GET https://localhost:62263/Tasks.html - - -
info: Microsoft.AspNetCore.StaticFiles.StaticFileMiddleware[2]
      Sending file. Request path: '/Tasks.html'. Physical path: 'C:\work\prtask.com\serve\wwwroot\Tasks.html'
info: Microsoft.AspNetCore.Hosting.Diagnostics[2]
      Request finished HTTP/2 GET https://localhost:62263/Tasks.html - 200 248 text/html 1.3346ms
info: Microsoft.AspNetCore.Hosting.Diagnostics[1]
      Request starting HTTP/2 GET https://localhost:62263/en/Tasks - - -
info: Microsoft.AspNetCore.Routing.EndpointMiddleware[0]
      Executing endpoint 'Fallback {*path:nonfile}'
info: Microsoft.AspNetCore.StaticFiles.StaticFileMiddleware[2]
      Sending file. Request path: '/index.html'. Physical path: 'C:\work\prtask.com\serve\wwwroot\index.html'
info: Microsoft.AspNetCore.Routing.EndpointMiddleware[1]
      Executed endpoint 'Fallback {*path:nonfile}'
info: Microsoft.AspNetCore.Hosting.Diagnostics[2]
      Request finished HTTP/2 GET https://localhost:62263/index.html - 200 254 text/html 7.3914ms
info: Microsoft.AspNetCore.Hosting.Diagnostics[1]
      Request starting HTTP/2 GET https://localhost:62263/en/en/index.dw1fy7wgsn.html - - -
info: Microsoft.AspNetCore.Hosting.Diagnostics[2]
      Request finished HTTP/2 GET https://localhost:62263/en/en/index.dw1fy7wgsn.html - 404 0 - 7.1748ms
info: Microsoft.AspNetCore.Hosting.Diagnostics[16]
      Request reached the end of the middleware pipeline without being handled by application code. Request path: GET https://localhost:62263/en/en/index.dw1fy7wgsn.html, Response status code: 404
info: Microsoft.AspNetCore.Hosting.Diagnostics[1]
      Request starting HTTP/2 GET https://localhost:62263/About.cp6dbo1yri.html - - -
info: Microsoft.AspNetCore.StaticFiles.StaticFileMiddleware[2]
      Sending file. Request path: '/About.cp6dbo1yri.html'. Physical path: 'C:\work\prtask.com\serve\wwwroot\About.cp6dbo1yri.html'
info: Microsoft.AspNetCore.Hosting.Diagnostics[2]
      Request finished HTTP/2 GET https://localhost:62263/About.cp6dbo1yri.html - 200 6791 text/html 48.0781ms
info: Microsoft.AspNetCore.Hosting.Diagnostics[1]
      Request starting HTTP/2 GET https://localhost:62263/_content/PrTask.SharedUI/css/app.min.css - - -
info: Microsoft.AspNetCore.Hosting.Diagnostics[1]
      Request starting HTTP/2 GET https://localhost:62263/Js/prtask-core.js - - -
info: Microsoft.AspNetCore.StaticFiles.StaticFileMiddleware[2]
      Sending file. Request path: '/_content/PrTask.SharedUI/css/app.min.css'. Physical path: 'C:\work\prtask.com\serve\wwwroot\_content\PrTask.SharedUI\css\app.min.css'
info: Microsoft.AspNetCore.StaticFiles.StaticFileMiddleware[2]
      Sending file. Request path: '/Js/prtask-core.js'. Physical path: 'C:\work\prtask.com\serve\wwwroot\Js\prtask-core.js'
info: Microsoft.AspNetCore.Hosting.Diagnostics[2]
      Request finished HTTP/2 GET https://localhost:62263/Js/prtask-core.js - 200 6145 text/javascript 17.3493ms
info: Microsoft.AspNetCore.Hosting.Diagnostics[2]
      Request finished HTTP/2 GET https://localhost:62263/_content/PrTask.SharedUI/css/app.min.css - 200 35070 text/css 17.3796ms
